Chronologic VCS simulator copyright 1991-2020
Contains Synopsys proprietary information.
Compiler version R-2020.12-SP2_Full64; Runtime version R-2020.12-SP2_Full64;  Jul  5 11:30 2022
---------------------------------------------------------------
[SLV_DRV] 		Virtual Interface has been linked.
---------------------------------------------------------------
[GEN] ==================== Randomizing ========================
+=========================================================================================+
| Transaction Type :       READ              @    0                                       |
+=========================================================================================+
| Sr No  |            Name |                           Type | Size |                Value |
+=========================================================================================+
|     1. |            addr |                      bit[31:0] |   32 |           1865365645 |
|     2. |           burst |       enum $unit::burst_type_e |    2 |                 INCR |
|     3. |             len |                       bit[7:0] |    8 |                  163 |
|     4. |            size |                       bit[2:0] |    3 |                    1 |
|     5. |         data[0] |                      bit[63:0] |   64 |                    0 |
+=========================================================================================+
|     6. |        rresp[0] |         enum $unit::response_e |    2 |                 OKAY |
+=========================================================================================+
------------------------------------------------------------
[Write Address Channel] 		@5 --> AWREADY Asserted
----------------------------------------------------------:---
Received SIGHUP (signal 1), exiting.
           V C S   S i m u l a t i o n   R e p o r t 
Time: 836462415
CPU Time:    471.160 seconds;       Data structure size:   0.1Mb
Tue Jul  5 12:36:09 2022
