00:41:22    16 -->                                                             [tcl] ucliGUI::connect -toolargs -ucligui -toolexe ./simv +READ_TEST +length=3 +size=2 +addr_type=0 +burst_type=1 -pid 27347 -toolin /tmp/vcs_20220614191119_27346_divyesh.makwana1..stdin -toolout /tmp/vcs_20220614191119_27346_divyesh.makwana1..stdout  
00:41:22    17 -->                                                                 [tcl] set ucliGUI::state
00:41:22    18 -->                                                                     [tcl] gui_update_simulator_buttons
00:41:23    19 -->                                                                         [tcl] set ucliGUI::state
00:41:23    20 -->                                                                             [tcl] ucliCore::getToolPID
00:41:23    21 -->                                                                                 [tcl] synopsys::env hasTB
00:41:23    22 -->                                                                                     [tcl] trigger_hier_stack_context_switch 0
00:41:23    23 -->                                                                                         [tcl] synopsys::xml set_array_limit <data limit="50" />
00:41:23    24 -->                                                                                             [tcl] synopsys::xml set_depth_limit <data limit="100" />
00:41:23    25 --> ...  [tcl] synopsys::xml set_string_limit <data limit="1000" />
00:41:23    26 --> ...      [tcl] synopsys::xml set_only_active_frame <data value="1" />
00:41:23    27 --> ...          [tcl] synopsys::xml set_variable_frame_id <data value="1" />
00:41:23    28 --> ...              [tcl] synUtils::setDVEInitPhase 1
00:41:23    29 --> ...                  [tcl] gui_get_env SIMSETUP::SIMVPD
00:41:23    30 --> ...                      [tcl] synopsys::dump -type VPD -file /home/divyesh.makwana1/AXI_VIP/Development/tb/inter.vpd -locking
00:41:23    31 --> ...                          [tcl] synopsys::dump -autoflush on -fid VPD0
00:41:23    32 --> ...                              [tcl] set ::dve_fid VPD0
00:41:23    33 --> ...                                  [tcl] synUtils::setDVEInitPhase 0
00:41:23    34 --> ...                                      [tcl] ucliCore::getToolPID
00:41:23    35 --> ...                                          [tcl] synUtils::sendTool -active _icl_setToolSocket /tmp/smlnpJiXxAB
00:41:23    36 --> ...                                              [tcl] synUtils::sendTool -active {_icl_start_rpc -version "R-2020.12-SP2_Full64" -sync_file /tmp/vcs_dve_rpc.divyesh.makwana1.27347}
00:41:24    37 --> ...                                                  [tcl] synUtils::sendTool -active {_icl_createSharedMemory /tmp/vcs_dve_general.divyesh.makwana1.27347}
00:41:24    38 --> ...                                                      [tcl] dveMisc::vbusExpand ei_axi4_helper_functions
00:41:24    39 --> ...                                                          [tcl] config endofsim noexit
00:41:24    40 --> ...                                                              [tcl] config onfail enable all
00:41:24    41 --> ...                                                                  [tcl] config syscaddplainmembers
00:41:24    42 --> ...                                                                      [tcl] config syscaddsourcenames
00:41:24    43 --> ...                                                                          [tcl] config syscaddstructtypes
00:41:24    44 --> ...                                                                              [tcl] synopsys::listing -disable
00:41:26    45 --> ...                                                                                  [tcl] dveMisc::vbusExpand ei_axi4_top
00:41:27    46 --> ...                                                                                      [tcl] dveMisc::vbusExpand _vcs_unit__1203171963
00:41:28    47 --> ...                                                                                          [tcl] synopsys::dump -add {ei_axi4_top.pif} -aggregates  -fid VPD0
00:41:32    48 --> ...                                                                                              [tcl] synopsys::dump -add {_vcs_unit__1203171963 } -aggregates  -fid VPD0
00:41:33    49 --> ...                                                                                                  [tcl] synopsys::run
00:41:33    50 --> ...  [tcl] set ucliGUI::state
00:41:33    51 --> ...      [tcl] gui_update_simulator_buttons
00:41:33    52 --> ...          [tcl] set ucliGUI::state
00:41:33    53 --> ...              [tcl] set ucliGUI::state
00:41:33    54 --> ...                  [tcl] set ucliGUI::state
00:41:33    55 --> ...                      [tcl] catch {senv activeDomain} dveMisc::result 
00:41:33    56 --> ...                          [tcl] set dveMisc::result
00:41:33    57 --> ...                              [tcl] gui_update_simulator_buttons
00:51:26    58 --> ...                                  [tcl] if [catch {gui_sim_terminate}] {gui_sim_terminate -kill}
00:51:26    59 --> ...                                      [tcl] synopsys::finish
00:51:26    60 --> ...                                          [tcl] set ucliGUI::state
00:51:26    61 --> ...                                              [tcl] gui_update_simulator_buttons
00:51:26    62 --> ...                                                  [tcl] set ucliGUI::state
00:51:26    63 --> ...                                                      [tcl] catch {senv activeDomain} dveMisc::result 
00:51:26    64 --> ...                                                          [tcl] set dveMisc::result
00:51:26    65 --> ...                                                              [tcl] gui_update_simulator_buttons
00:51:26    66 --> ...                                                                  [tcl] catch {senv activeDomain} dveMisc::result 
00:51:26    67 --> ...                                                                      [tcl] set dveMisc::result
00:51:26    68 --> ...                                                                          [tcl] ucli_exit
